<?xml version="1.0" encoding="UTF-8"?>
<!-- Generated by org.testng.reporters.JUnitXMLReporter -->
<testsuite hostname="DESKTOP-LPTT47U" ignored="0" name="Surefire test" tests="11" failures="0" timestamp="2022-01-28T17:56:06 PST" time="0.153" errors="0">
  <testcase name="@BeforeMethod beforeTest" time="0.062" classname="test.FirstTest">
    <failure type="java.lang.IllegalStateException" message="The driver executable must exist: C:\Users\niell\IdeaProjects\Dec2021SeleniumProject1.0\src\Driver\chromedriver.exe">
      <![CDATA[java.lang.IllegalStateException: The driver executable must exist: C:\Users\niell\IdeaProjects\Dec2021SeleniumProject1.0\src\Driver\chromedriver.exe
at org.openqa.selenium.internal.Require$FileStateChecker.isFile(Require.java:315)
at org.openqa.selenium.remote.service.DriverService.checkExecutable(DriverService.java:147)
at org.openqa.selenium.remote.service.DriverService.findExecutable(DriverService.java:142)
at org.openqa.selenium.chrome.ChromeDriverService.access$000(ChromeDriverService.java:38)
at org.openqa.selenium.chrome.ChromeDriverService$Builder.findDefaultExecutable(ChromeDriverService.java:231)
at org.openqa.selenium.remote.service.DriverService$Builder.build(DriverService.java:437)
at org.openqa.selenium.chrome.ChromeDriverService.createDefaultService(ChromeDriverService.java:127)
at org.openqa.selenium.chrome.ChromeDriver.<init>(ChromeDriver.java:46)
at test.FirstTest.beforeTest(FirstTest.java:17)
at java.util.ArrayList.forEach(ArrayList.java:1259)
... Removed 36 stack frames]]>
    </failure>
  </testcase> <!-- @BeforeMethod beforeTest -->
  <testcase name="@AfterMethod afterMethod" time="0.0" classname="test.FirstTest">
    <skipped/>
  </testcase> <!-- @AfterMethod afterMethod -->
  <testcase name="@BeforeMethod beforeTest" time="0.0" classname="test.FirstTest">
    <skipped/>
  </testcase> <!-- @BeforeMethod beforeTest -->
  <testcase name="@AfterMethod afterMethod" time="0.0" classname="test.FirstTest">
    <skipped/>
  </testcase> <!-- @AfterMethod afterMethod -->
  <testcase name="@BeforeMethod beforeTest" time="0.0" classname="test.FirstTest">
    <skipped/>
  </testcase> <!-- @BeforeMethod beforeTest -->
  <testcase name="@AfterMethod afterMethod" time="0.0" classname="test.FirstTest">
    <skipped/>
  </testcase> <!-- @AfterMethod afterMethod -->
  <testcase name="@BeforeMethod beforeTest" time="0.0" classname="test.FirstTest">
    <skipped/>
  </testcase> <!-- @BeforeMethod beforeTest -->
  <testcase name="@AfterMethod afterMethod" time="0.0" classname="test.FirstTest">
    <skipped/>
  </testcase> <!-- @AfterMethod afterMethod -->
  <testcase name="@BeforeMethod beforeTest" time="0.0" classname="test.FirstTest">
    <skipped/>
  </testcase> <!-- @BeforeMethod beforeTest -->
  <testcase name="@AfterMethod afterMethod" time="0.0" classname="test.FirstTest">
    <skipped/>
  </testcase> <!-- @AfterMethod afterMethod -->
  <testcase name="@BeforeMethod beforeTest" time="0.0" classname="test.FirstTest">
    <skipped/>
  </testcase> <!-- @BeforeMethod beforeTest -->
  <testcase name="@AfterMethod afterMethod" time="0.0" classname="test.FirstTest">
    <skipped/>
  </testcase> <!-- @AfterMethod afterMethod -->
  <testcase name="@BeforeMethod beforeTest" time="0.0" classname="test.FirstTest">
    <skipped/>
  </testcase> <!-- @BeforeMethod beforeTest -->
  <testcase name="@AfterMethod afterMethod" time="0.0" classname="test.FirstTest">
    <skipped/>
  </testcase> <!-- @AfterMethod afterMethod -->
  <testcase name="@BeforeMethod beforeTest" time="0.0" classname="test.FirstTest">
    <skipped/>
  </testcase> <!-- @BeforeMethod beforeTest -->
  <testcase name="@AfterMethod afterMethod" time="0.0" classname="test.FirstTest">
    <skipped/>
  </testcase> <!-- @AfterMethod afterMethod -->
  <testcase name="@BeforeMethod beforeTest" time="0.0" classname="test.FirstTest">
    <skipped/>
  </testcase> <!-- @BeforeMethod beforeTest -->
  <testcase name="@AfterMethod afterMethod" time="0.0" classname="test.FirstTest">
    <skipped/>
  </testcase> <!-- @AfterMethod afterMethod -->
  <testcase name="@BeforeMethod beforeTest" time="0.0" classname="test.FirstTest">
    <skipped/>
  </testcase> <!-- @BeforeMethod beforeTest -->
  <testcase name="@AfterMethod afterMethod" time="0.0" classname="test.FirstTest">
    <skipped/>
  </testcase> <!-- @AfterMethod afterMethod -->
  <testcase name="@BeforeMethod beforeTest" time="0.0" classname="test.FirstTest">
    <skipped/>
  </testcase> <!-- @BeforeMethod beforeTest -->
  <testcase name="@AfterMethod afterMethod" time="0.0" classname="test.FirstTest">
    <skipped/>
  </testcase> <!-- @AfterMethod afterMethod -->
  <testcase name="test1" time="0.0" classname="test.FirstTest">
    <skipped/>
  </testcase> <!-- test1 -->
  <testcase name="test10" time="0.0" classname="test.FirstTest">
    <skipped/>
  </testcase> <!-- test10 -->
  <testcase name="test11" time="0.0" classname="test.FirstTest">
    <skipped/>
  </testcase> <!-- test11 -->
  <testcase name="test12" time="0.0" classname="test.FirstTest">
    <skipped/>
  </testcase> <!-- test12 -->
  <testcase name="test2" time="0.0" classname="test.FirstTest">
    <skipped/>
  </testcase> <!-- test2 -->
  <testcase name="test4" time="0.0" classname="test.FirstTest">
    <skipped/>
  </testcase> <!-- test4 -->
  <testcase name="test5" time="0.0" classname="test.FirstTest">
    <skipped/>
  </testcase> <!-- test5 -->
  <testcase name="test6" time="0.0" classname="test.FirstTest">
    <skipped/>
  </testcase> <!-- test6 -->
  <testcase name="test7" time="0.0" classname="test.FirstTest">
    <skipped/>
  </testcase> <!-- test7 -->
  <testcase name="test8" time="0.0" classname="test.FirstTest">
    <skipped/>
  </testcase> <!-- test8 -->
  <testcase name="test9" time="0.0" classname="test.FirstTest">
    <skipped/>
  </testcase> <!-- test9 -->
</testsuite> <!-- Surefire test -->
