<?xml version="1.0" encoding="UTF-8"?>
<testsuite xmlns:xsi="http://www.w3.org/2001/XMLSchema-instance" xsi:noNamespaceSchemaLocation="https://maven.apache.org/surefire/maven-surefire-plugin/xsd/surefire-test-report.xsd" name="test.FirstTest" time="1.219" tests="33" errors="0" skipped="32" failures="1">
  <properties>
[...]
</properties>
  <testcase name="beforeTest" classname="test.FirstTest" time="0.903">
    <failure message="The driver executable must exist: C:\Users\niell\IdeaProjects\Dec2021SeleniumProject1.0\src\Driver\chromedriver.exe" type="java.lang.IllegalStateException">java.lang.IllegalStateException: The driver executable must exist: C:\Users\niell\IdeaProjects\Dec2021SeleniumProject1.0\src\Driver\chromedriver.exe
	at test.FirstTest.beforeTest(FirstTest.java:17)
</failure>
    <system-err><![CDATA[SLF4J: Failed to load class "org.slf4j.impl.StaticLoggerBinder".
SLF4J: Defaulting to no-operation (NOP) logger implementation
SLF4J: See http://www.slf4j.org/codes.html#StaticLoggerBinder for further details.
]]></system-err>
  </testcase>
  <testcase name="beforeTest" classname="test.FirstTest" time="0">
    <skipped/>
  </testcase>
  <testcase name="beforeTest" classname="test.FirstTest" time="0">
    <skipped/>
  </testcase>
  <testcase name="beforeTest" classname="test.FirstTest" time="0">
    <skipped/>
  </testcase>
  <testcase name="beforeTest" classname="test.FirstTest" time="0">
    <skipped/>
  </testcase>
  <testcase name="beforeTest" classname="test.FirstTest" time="0">
    <skipped/>
  </testcase>
  <testcase name="beforeTest" classname="test.FirstTest" time="0">
    <skipped/>
  </testcase>
  <testcase name="beforeTest" classname="test.FirstTest" time="0">
    <skipped/>
  </testcase>
  <testcase name="beforeTest" classname="test.FirstTest" time="0">
    <skipped/>
  </testcase>
  <testcase name="beforeTest" classname="test.FirstTest" time="0">
    <skipped/>
  </testcase>
  <testcase name="beforeTest" classname="test.FirstTest" time="0">
    <skipped/>
  </testcase>
  <testcase name="test1" classname="test.FirstTest" time="0">
    <skipped message="The driver executable must exist: C:\Users\niell\IdeaProjects\Dec2021SeleniumProject1.0\src\Driver\chromedriver.exe"/>
  </testcase>
  <testcase name="afterMethod" classname="test.FirstTest" time="0">
    <skipped/>
  </testcase>
  <testcase name="afterMethod" classname="test.FirstTest" time="0">
    <skipped/>
  </testcase>
  <testcase name="afterMethod" classname="test.FirstTest" time="0">
    <skipped/>
  </testcase>
  <testcase name="afterMethod" classname="test.FirstTest" time="0">
    <skipped/>
  </testcase>
  <testcase name="afterMethod" classname="test.FirstTest" time="0">
    <skipped/>
  </testcase>
  <testcase name="afterMethod" classname="test.FirstTest" time="0">
    <skipped/>
  </testcase>
  <testcase name="afterMethod" classname="test.FirstTest" time="0">
    <skipped/>
  </testcase>
  <testcase name="afterMethod" classname="test.FirstTest" time="0">
    <skipped/>
  </testcase>
  <testcase name="afterMethod" classname="test.FirstTest" time="0">
    <skipped/>
  </testcase>
  <testcase name="afterMethod" classname="test.FirstTest" time="0">
    <skipped/>
  </testcase>
  <testcase name="afterMethod" classname="test.FirstTest" time="0">
    <skipped/>
  </testcase>
  <testcase name="test10" classname="test.FirstTest" time="0">
    <skipped message="The driver executable must exist: C:\Users\niell\IdeaProjects\Dec2021SeleniumProject1.0\src\Driver\chromedriver.exe"/>
  </testcase>
  <testcase name="test11" classname="test.FirstTest" time="0">
    <skipped message="The driver executable must exist: C:\Users\niell\IdeaProjects\Dec2021SeleniumProject1.0\src\Driver\chromedriver.exe"/>
  </testcase>
  <testcase name="test12" classname="test.FirstTest" time="0">
    <skipped message="The driver executable must exist: C:\Users\niell\IdeaProjects\Dec2021SeleniumProject1.0\src\Driver\chromedriver.exe"/>
  </testcase>
  <testcase name="test2" classname="test.FirstTest" time="0">
    <skipped message="The driver executable must exist: C:\Users\niell\IdeaProjects\Dec2021SeleniumProject1.0\src\Driver\chromedriver.exe"/>
  </testcase>
  <testcase name="test4" classname="test.FirstTest" time="0">
    <skipped message="The driver executable must exist: C:\Users\niell\IdeaProjects\Dec2021SeleniumProject1.0\src\Driver\chromedriver.exe"/>
  </testcase>
  <testcase name="test5" classname="test.FirstTest" time="0">
    <skipped message="The driver executable must exist: C:\Users\niell\IdeaProjects\Dec2021SeleniumProject1.0\src\Driver\chromedriver.exe"/>
  </testcase>
  <testcase name="test6" classname="test.FirstTest" time="0">
    <skipped message="The driver executable must exist: C:\Users\niell\IdeaProjects\Dec2021SeleniumProject1.0\src\Driver\chromedriver.exe"/>
  </testcase>
  <testcase name="test7" classname="test.FirstTest" time="0">
    <skipped message="The driver executable must exist: C:\Users\niell\IdeaProjects\Dec2021SeleniumProject1.0\src\Driver\chromedriver.exe"/>
  </testcase>
  <testcase name="test8" classname="test.FirstTest" time="0">
    <skipped message="The driver executable must exist: C:\Users\niell\IdeaProjects\Dec2021SeleniumProject1.0\src\Driver\chromedriver.exe"/>
  </testcase>
  <testcase name="test9" classname="test.FirstTest" time="0">
    <skipped message="The driver executable must exist: C:\Users\niell\IdeaProjects\Dec2021SeleniumProject1.0\src\Driver\chromedriver.exe"/>
  </testcase>
</testsuite>